<?xml version="1.0" encoding="UTF-8"?>
<!-- Generated by org.testng.reporters.JUnitReportReporter -->
<testsuite hostname="DESKTOP-PKRGAQS" failures="0" tests="1" name="Package1.phone" time="17.548" errors="0" timestamp="2023-01-27T13:29:25 IST" skipped="0">
  <testcase classname="Package1.phone" name="testcase1" time="17.548"/>
  <system-out/>
</testsuite> <!-- Package1.phone -->
