<?xml version="1.0" encoding="UTF-8"?>
<!-- Generated by org.testng.reporters.JUnitReportReporter -->
<testsuite hostname="DESKTOP-PKRGAQS" failures="0" tests="1" name="Package1.Demo" time="75.699" errors="0" timestamp="2023-01-18T12:08:28 IST" skipped="0">
  <testcase classname="Package1.Demo" name="demo" time="75.699"/>
  <system-out/>
</testsuite> <!-- Package1.Demo -->
