<?xml version="1.0" encoding="UTF-8"?>
<!-- Generated by org.testng.reporters.JUnitReportReporter -->
<testsuite hostname="DESKTOP-PKRGAQS" failures="0" tests="1" name="Package2.banjara" time="154.162" errors="0" timestamp="2023-01-31T21:05:14 IST" skipped="0">
  <testcase classname="Package2.banjara" name="test1" time="154.162"/>
  <system-out/>
</testsuite> <!-- Package2.banjara -->
