<?xml version="1.0" encoding="UTF-8"?>
<!-- Generated by org.testng.reporters.JUnitReportReporter -->
<testsuite hostname="DESKTOP-PKRGAQS" failures="0" tests="3" name="Package1.ereport" time="44.418" errors="0" timestamp="2023-01-29T19:56:30 IST" skipped="2">
  <testcase classname="Package1.ereport" name="Login" time="44.418"/>
  <system-out/>
  <testcase classname="Package1.ereport" name="bookings">
    <skipped/>
  </testcase> <!-- bookings -->
  <system-out/>
  <testcase classname="Package1.ereport" name="Menu">
    <skipped/>
  </testcase> <!-- Menu -->
  <system-out/>
</testsuite> <!-- Package1.ereport -->
